{"__type":"$$EventMessageAudit","id":"87c7b78b-9816-4876-99d5-e4584666efbf","ts":"2025-10-29T22:25:03.997+07:00","eventName":"n8n.audit.workflow.updated","message":"n8n.audit.workflow.updated","payload":{"userId":"c7bd1183-6dbb-44aa-84ca-8a4996833867","_email":"ploomn321654987@gmail.com","_firstName":"Yodsanon","_lastName":"Duangkhai","globalRole":"global:owner","workflowId":"HYSAT3TciEcoIppB","workflowName":"MailMind"}}
{"__type":"$$EventMessageConfirm","confirm":"87c7b78b-9816-4876-99d5-e4584666efbf","ts":"2025-10-29T22:25:03.998+07:00","source":{"id":"0","name":"eventBus"}}
{"__type":"$$EventMessageRunner","id":"3f2d0804-3fc8-4da4-9a66-50cbc47b20a1","ts":"2025-10-29T22:29:03.984+07:00","eventName":"n8n.queue.job.enqueued","message":"n8n.queue.job.enqueued","payload":{"executionId":"70","workflowId":"HYSAT3TciEcoIppB","hostId":"main-d91af26ddd37","jobId":"19"}}
{"__type":"$$EventMessageConfirm","confirm":"3f2d0804-3fc8-4da4-9a66-50cbc47b20a1","ts":"2025-10-29T22:29:03.984+07:00","source":{"id":"0","name":"eventBus"}}
{"__type":"$$EventMessageWorkflow","id":"7be73c02-ca21-444a-b38a-e4e7861e6ec6","ts":"2025-10-29T22:29:03.986+07:00","eventName":"n8n.workflow.started","message":"n8n.workflow.started","payload":{"executionId":"70","workflowId":"HYSAT3TciEcoIppB","isManual":false,"workflowName":"MailMind"}}
{"__type":"$$EventMessageConfirm","confirm":"7be73c02-ca21-444a-b38a-e4e7861e6ec6","ts":"2025-10-29T22:29:03.987+07:00","source":{"id":"0","name":"eventBus"}}
{"__type":"$$EventMessageWorkflow","id":"cd29914d-0de4-472b-8acb-502bc9e0f499","ts":"2025-10-29T22:30:04.477+07:00","eventName":"n8n.workflow.success","message":"n8n.workflow.success","payload":{"executionId":"70","success":true,"isManual":false,"workflowId":"HYSAT3TciEcoIppB","workflowName":"MailMind"}}
{"__type":"$$EventMessageConfirm","confirm":"cd29914d-0de4-472b-8acb-502bc9e0f499","ts":"2025-10-29T22:30:04.477+07:00","source":{"id":"0","name":"eventBus"}}
{"__type":"$$EventMessageRunner","id":"8cdbee86-7936-489f-a375-02b300f7278c","ts":"2025-10-29T22:30:04.478+07:00","eventName":"n8n.queue.job.completed","message":"n8n.queue.job.completed","payload":{"executionId":"70","workflowId":"HYSAT3TciEcoIppB","hostId":"main-d91af26ddd37","jobId":"19"}}
{"__type":"$$EventMessageConfirm","confirm":"8cdbee86-7936-489f-a375-02b300f7278c","ts":"2025-10-29T22:30:04.478+07:00","source":{"id":"0","name":"eventBus"}}
{"__type":"$$EventMessageRunner","id":"7859f4ce-d96a-4c8e-84b0-ede997497f16","ts":"2025-10-29T22:31:04.449+07:00","eventName":"n8n.queue.job.enqueued","message":"n8n.queue.job.enqueued","payload":{"executionId":"71","workflowId":"HYSAT3TciEcoIppB","hostId":"main-d91af26ddd37","jobId":"20"}}
{"__type":"$$EventMessageConfirm","confirm":"7859f4ce-d96a-4c8e-84b0-ede997497f16","ts":"2025-10-29T22:31:04.449+07:00","source":{"id":"0","name":"eventBus"}}
{"__type":"$$EventMessageWorkflow","id":"54085fe9-8aee-4e56-9626-1b4348dae177","ts":"2025-10-29T22:31:04.451+07:00","eventName":"n8n.workflow.started","message":"n8n.workflow.started","payload":{"executionId":"71","workflowId":"HYSAT3TciEcoIppB","isManual":false,"workflowName":"MailMind"}}
{"__type":"$$EventMessageConfirm","confirm":"54085fe9-8aee-4e56-9626-1b4348dae177","ts":"2025-10-29T22:31:04.452+07:00","source":{"id":"0","name":"eventBus"}}
{"__type":"$$EventMessageWorkflow","id":"a22bc0dd-a311-4e19-85d7-b4a8ea7b37e6","ts":"2025-10-29T22:31:19.021+07:00","eventName":"n8n.workflow.success","message":"n8n.workflow.success","payload":{"executionId":"71","success":true,"isManual":false,"workflowId":"HYSAT3TciEcoIppB","workflowName":"MailMind"}}
{"__type":"$$EventMessageConfirm","confirm":"a22bc0dd-a311-4e19-85d7-b4a8ea7b37e6","ts":"2025-10-29T22:31:19.021+07:00","source":{"id":"0","name":"eventBus"}}
{"__type":"$$EventMessageRunner","id":"b88b5857-12f8-4d6a-a6c4-212e13846ad7","ts":"2025-10-29T22:31:19.022+07:00","eventName":"n8n.queue.job.completed","message":"n8n.queue.job.completed","payload":{"executionId":"71","workflowId":"HYSAT3TciEcoIppB","hostId":"main-d91af26ddd37","jobId":"20"}}
{"__type":"$$EventMessageConfirm","confirm":"b88b5857-12f8-4d6a-a6c4-212e13846ad7","ts":"2025-10-29T22:31:19.022+07:00","source":{"id":"0","name":"eventBus"}}
{"__type":"$$EventMessageRunner","id":"172290a0-2d6a-4c38-ab80-f53c83cb8d04","ts":"2025-10-29T22:31:27.322+07:00","eventName":"n8n.queue.job.enqueued","message":"n8n.queue.job.enqueued","payload":{"executionId":"72","workflowId":"HYSAT3TciEcoIppB","hostId":"main-d91af26ddd37","jobId":"21"}}
{"__type":"$$EventMessageConfirm","confirm":"172290a0-2d6a-4c38-ab80-f53c83cb8d04","ts":"2025-10-29T22:31:27.323+07:00","source":{"id":"0","name":"eventBus"}}
{"__type":"$$EventMessageWorkflow","id":"a0f3e628-353e-4aaa-8499-91e9f322fdf0","ts":"2025-10-29T22:31:27.323+07:00","eventName":"n8n.workflow.started","message":"n8n.workflow.started","payload":{"executionId":"72","workflowId":"HYSAT3TciEcoIppB","isManual":false,"workflowName":"MailMind"}}
{"__type":"$$EventMessageConfirm","confirm":"a0f3e628-353e-4aaa-8499-91e9f322fdf0","ts":"2025-10-29T22:31:27.324+07:00","source":{"id":"0","name":"eventBus"}}
{"__type":"$$EventMessageWorkflow","id":"97b68746-6295-4fa4-acb2-c4448a3e96a6","ts":"2025-10-29T22:32:10.583+07:00","eventName":"n8n.workflow.success","message":"n8n.workflow.success","payload":{"executionId":"72","success":true,"isManual":false,"workflowId":"HYSAT3TciEcoIppB","workflowName":"MailMind"}}
{"__type":"$$EventMessageConfirm","confirm":"97b68746-6295-4fa4-acb2-c4448a3e96a6","ts":"2025-10-29T22:32:10.585+07:00","source":{"id":"0","name":"eventBus"}}
{"__type":"$$EventMessageRunner","id":"4b201e7c-0b50-4616-9e3b-ce1aef667b1b","ts":"2025-10-29T22:32:10.586+07:00","eventName":"n8n.queue.job.completed","message":"n8n.queue.job.completed","payload":{"executionId":"72","workflowId":"HYSAT3TciEcoIppB","hostId":"main-d91af26ddd37","jobId":"21"}}
{"__type":"$$EventMessageConfirm","confirm":"4b201e7c-0b50-4616-9e3b-ce1aef667b1b","ts":"2025-10-29T22:32:10.586+07:00","source":{"id":"0","name":"eventBus"}}
{"__type":"$$EventMessageRunner","id":"b9653ecb-f0cb-43e7-87fa-aa3063d0ae59","ts":"2025-10-29T22:32:55.703+07:00","eventName":"n8n.queue.job.enqueued","message":"n8n.queue.job.enqueued","payload":{"executionId":"73","workflowId":"HYSAT3TciEcoIppB","hostId":"main-d91af26ddd37","jobId":"22"}}
{"__type":"$$EventMessageConfirm","confirm":"b9653ecb-f0cb-43e7-87fa-aa3063d0ae59","ts":"2025-10-29T22:32:55.704+07:00","source":{"id":"0","name":"eventBus"}}
{"__type":"$$EventMessageWorkflow","id":"5adf1293-34f9-473e-86b2-398f643d54c9","ts":"2025-10-29T22:32:55.705+07:00","eventName":"n8n.workflow.started","message":"n8n.workflow.started","payload":{"executionId":"73","workflowId":"HYSAT3TciEcoIppB","isManual":false,"workflowName":"MailMind"}}
{"__type":"$$EventMessageConfirm","confirm":"5adf1293-34f9-473e-86b2-398f643d54c9","ts":"2025-10-29T22:32:55.708+07:00","source":{"id":"0","name":"eventBus"}}
{"__type":"$$EventMessageWorkflow","id":"39e3b122-2f6b-4d81-a539-318d01ede089","ts":"2025-10-29T22:33:08.551+07:00","eventName":"n8n.workflow.success","message":"n8n.workflow.success","payload":{"executionId":"73","success":true,"isManual":false,"workflowId":"HYSAT3TciEcoIppB","workflowName":"MailMind"}}
{"__type":"$$EventMessageConfirm","confirm":"39e3b122-2f6b-4d81-a539-318d01ede089","ts":"2025-10-29T22:33:08.552+07:00","source":{"id":"0","name":"eventBus"}}
{"__type":"$$EventMessageRunner","id":"4f90d8a9-6184-4112-be99-139420548f13","ts":"2025-10-29T22:33:08.552+07:00","eventName":"n8n.queue.job.completed","message":"n8n.queue.job.completed","payload":{"executionId":"73","workflowId":"HYSAT3TciEcoIppB","hostId":"main-d91af26ddd37","jobId":"22"}}
{"__type":"$$EventMessageConfirm","confirm":"4f90d8a9-6184-4112-be99-139420548f13","ts":"2025-10-29T22:33:08.552+07:00","source":{"id":"0","name":"eventBus"}}
{"__type":"$$EventMessageRunner","id":"a997528f-1c37-4a20-9460-15193c6bb89d","ts":"2025-10-29T22:33:14.085+07:00","eventName":"n8n.queue.job.enqueued","message":"n8n.queue.job.enqueued","payload":{"executionId":"74","workflowId":"HYSAT3TciEcoIppB","hostId":"main-d91af26ddd37","jobId":"23"}}
{"__type":"$$EventMessageConfirm","confirm":"a997528f-1c37-4a20-9460-15193c6bb89d","ts":"2025-10-29T22:33:14.085+07:00","source":{"id":"0","name":"eventBus"}}
{"__type":"$$EventMessageWorkflow","id":"86117acf-35bf-4670-a5ba-e0e7f2b5834c","ts":"2025-10-29T22:33:14.085+07:00","eventName":"n8n.workflow.started","message":"n8n.workflow.started","payload":{"executionId":"74","workflowId":"HYSAT3TciEcoIppB","isManual":false,"workflowName":"MailMind"}}
{"__type":"$$EventMessageConfirm","confirm":"86117acf-35bf-4670-a5ba-e0e7f2b5834c","ts":"2025-10-29T22:33:14.085+07:00","source":{"id":"0","name":"eventBus"}}
{"__type":"$$EventMessageWorkflow","id":"f46b8e28-5edb-4b83-8479-db27321697ba","ts":"2025-10-29T22:33:17.873+07:00","eventName":"n8n.workflow.success","message":"n8n.workflow.success","payload":{"executionId":"74","success":true,"isManual":false,"workflowId":"HYSAT3TciEcoIppB","workflowName":"MailMind"}}
{"__type":"$$EventMessageConfirm","confirm":"f46b8e28-5edb-4b83-8479-db27321697ba","ts":"2025-10-29T22:33:17.873+07:00","source":{"id":"0","name":"eventBus"}}
{"__type":"$$EventMessageRunner","id":"982118d8-f231-44fe-a6ad-a56c3d057f26","ts":"2025-10-29T22:33:17.873+07:00","eventName":"n8n.queue.job.completed","message":"n8n.queue.job.completed","payload":{"executionId":"74","workflowId":"HYSAT3TciEcoIppB","hostId":"main-d91af26ddd37","jobId":"23"}}
{"__type":"$$EventMessageConfirm","confirm":"982118d8-f231-44fe-a6ad-a56c3d057f26","ts":"2025-10-29T22:33:17.873+07:00","source":{"id":"0","name":"eventBus"}}
{"__type":"$$EventMessageRunner","id":"50596921-32a1-4b32-b074-3f815d5dd686","ts":"2025-10-29T22:33:41.127+07:00","eventName":"n8n.queue.job.enqueued","message":"n8n.queue.job.enqueued","payload":{"executionId":"75","workflowId":"HYSAT3TciEcoIppB","hostId":"main-d91af26ddd37","jobId":"24"}}
{"__type":"$$EventMessageConfirm","confirm":"50596921-32a1-4b32-b074-3f815d5dd686","ts":"2025-10-29T22:33:41.128+07:00","source":{"id":"0","name":"eventBus"}}
{"__type":"$$EventMessageWorkflow","id":"bc325575-013c-476d-9746-0c00a57f4925","ts":"2025-10-29T22:33:41.128+07:00","eventName":"n8n.workflow.started","message":"n8n.workflow.started","payload":{"executionId":"75","workflowId":"HYSAT3TciEcoIppB","isManual":false,"workflowName":"MailMind"}}
{"__type":"$$EventMessageConfirm","confirm":"bc325575-013c-476d-9746-0c00a57f4925","ts":"2025-10-29T22:33:41.128+07:00","source":{"id":"0","name":"eventBus"}}
{"__type":"$$EventMessageWorkflow","id":"37f44d65-cf95-4a81-aed5-450697ec7739","ts":"2025-10-29T22:33:43.695+07:00","eventName":"n8n.workflow.success","message":"n8n.workflow.success","payload":{"executionId":"75","success":true,"isManual":false,"workflowId":"HYSAT3TciEcoIppB","workflowName":"MailMind"}}
{"__type":"$$EventMessageConfirm","confirm":"37f44d65-cf95-4a81-aed5-450697ec7739","ts":"2025-10-29T22:33:43.696+07:00","source":{"id":"0","name":"eventBus"}}
{"__type":"$$EventMessageRunner","id":"f119ca58-a7e2-4724-95a8-56dd1412d1a9","ts":"2025-10-29T22:33:43.696+07:00","eventName":"n8n.queue.job.completed","message":"n8n.queue.job.completed","payload":{"executionId":"75","workflowId":"HYSAT3TciEcoIppB","hostId":"main-d91af26ddd37","jobId":"24"}}
{"__type":"$$EventMessageConfirm","confirm":"f119ca58-a7e2-4724-95a8-56dd1412d1a9","ts":"2025-10-29T22:33:43.696+07:00","source":{"id":"0","name":"eventBus"}}
{"__type":"$$EventMessageRunner","id":"2dc6a126-771a-4aee-9e97-8e4c0d8dd5a9","ts":"2025-10-29T22:33:52.343+07:00","eventName":"n8n.queue.job.enqueued","message":"n8n.queue.job.enqueued","payload":{"executionId":"76","workflowId":"HYSAT3TciEcoIppB","hostId":"main-d91af26ddd37","jobId":"25"}}
{"__type":"$$EventMessageConfirm","confirm":"2dc6a126-771a-4aee-9e97-8e4c0d8dd5a9","ts":"2025-10-29T22:33:52.345+07:00","source":{"id":"0","name":"eventBus"}}
{"__type":"$$EventMessageWorkflow","id":"44a08434-0527-4a9b-9bab-c05a754bf934","ts":"2025-10-29T22:33:52.351+07:00","eventName":"n8n.workflow.started","message":"n8n.workflow.started","payload":{"executionId":"76","workflowId":"HYSAT3TciEcoIppB","isManual":false,"workflowName":"MailMind"}}
{"__type":"$$EventMessageConfirm","confirm":"44a08434-0527-4a9b-9bab-c05a754bf934","ts":"2025-10-29T22:33:52.353+07:00","source":{"id":"0","name":"eventBus"}}
{"__type":"$$EventMessageWorkflow","id":"51cedb72-55f7-4729-be23-3790b42df8e5","ts":"2025-10-29T22:34:27.568+07:00","eventName":"n8n.workflow.success","message":"n8n.workflow.success","payload":{"executionId":"76","success":true,"isManual":false,"workflowId":"HYSAT3TciEcoIppB","workflowName":"MailMind"}}
{"__type":"$$EventMessageConfirm","confirm":"51cedb72-55f7-4729-be23-3790b42df8e5","ts":"2025-10-29T22:34:27.569+07:00","source":{"id":"0","name":"eventBus"}}
{"__type":"$$EventMessageRunner","id":"a504864d-2181-4d96-a72e-50a2f5ea50d8","ts":"2025-10-29T22:34:27.569+07:00","eventName":"n8n.queue.job.completed","message":"n8n.queue.job.completed","payload":{"executionId":"76","workflowId":"HYSAT3TciEcoIppB","hostId":"main-d91af26ddd37","jobId":"25"}}
{"__type":"$$EventMessageConfirm","confirm":"a504864d-2181-4d96-a72e-50a2f5ea50d8","ts":"2025-10-29T22:34:27.569+07:00","source":{"id":"0","name":"eventBus"}}
{"__type":"$$EventMessageRunner","id":"5cf3c86a-6742-4ea6-b452-6e374e1e5ff2","ts":"2025-10-29T22:39:34.823+07:00","eventName":"n8n.queue.job.enqueued","message":"n8n.queue.job.enqueued","payload":{"executionId":"77","workflowId":"HYSAT3TciEcoIppB","hostId":"main-d91af26ddd37","jobId":"26"}}
{"__type":"$$EventMessageConfirm","confirm":"5cf3c86a-6742-4ea6-b452-6e374e1e5ff2","ts":"2025-10-29T22:39:34.824+07:00","source":{"id":"0","name":"eventBus"}}
{"__type":"$$EventMessageWorkflow","id":"a328d9ed-e6df-49b9-a3b5-c0c03d9bccef","ts":"2025-10-29T22:39:34.825+07:00","eventName":"n8n.workflow.started","message":"n8n.workflow.started","payload":{"executionId":"77","workflowId":"HYSAT3TciEcoIppB","isManual":false,"workflowName":"MailMind"}}
{"__type":"$$EventMessageConfirm","confirm":"a328d9ed-e6df-49b9-a3b5-c0c03d9bccef","ts":"2025-10-29T22:39:34.825+07:00","source":{"id":"0","name":"eventBus"}}
{"__type":"$$EventMessageWorkflow","id":"b4c14548-d06f-495c-973c-4ae057ed0396","ts":"2025-10-29T22:40:11.042+07:00","eventName":"n8n.workflow.success","message":"n8n.workflow.success","payload":{"executionId":"77","success":true,"isManual":false,"workflowId":"HYSAT3TciEcoIppB","workflowName":"MailMind"}}
{"__type":"$$EventMessageConfirm","confirm":"b4c14548-d06f-495c-973c-4ae057ed0396","ts":"2025-10-29T22:40:11.043+07:00","source":{"id":"0","name":"eventBus"}}
{"__type":"$$EventMessageRunner","id":"34f7bcea-4d5a-45c4-a735-09619150e325","ts":"2025-10-29T22:40:11.043+07:00","eventName":"n8n.queue.job.completed","message":"n8n.queue.job.completed","payload":{"executionId":"77","workflowId":"HYSAT3TciEcoIppB","hostId":"main-d91af26ddd37","jobId":"26"}}
{"__type":"$$EventMessageConfirm","confirm":"34f7bcea-4d5a-45c4-a735-09619150e325","ts":"2025-10-29T22:40:11.044+07:00","source":{"id":"0","name":"eventBus"}}
{"__type":"$$EventMessageRunner","id":"24ef5b75-89b5-4369-a165-d6bcf70a326f","ts":"2025-10-29T22:40:53.822+07:00","eventName":"n8n.queue.job.enqueued","message":"n8n.queue.job.enqueued","payload":{"executionId":"78","workflowId":"HYSAT3TciEcoIppB","hostId":"main-d91af26ddd37","jobId":"27"}}
{"__type":"$$EventMessageConfirm","confirm":"24ef5b75-89b5-4369-a165-d6bcf70a326f","ts":"2025-10-29T22:40:53.822+07:00","source":{"id":"0","name":"eventBus"}}
{"__type":"$$EventMessageWorkflow","id":"0ac21e49-ccee-4be0-9915-110e22a1da89","ts":"2025-10-29T22:40:53.823+07:00","eventName":"n8n.workflow.started","message":"n8n.workflow.started","payload":{"executionId":"78","workflowId":"HYSAT3TciEcoIppB","isManual":false,"workflowName":"MailMind"}}
{"__type":"$$EventMessageConfirm","confirm":"0ac21e49-ccee-4be0-9915-110e22a1da89","ts":"2025-10-29T22:40:53.823+07:00","source":{"id":"0","name":"eventBus"}}
{"__type":"$$EventMessageWorkflow","id":"f6887e97-d4e8-43ea-bc64-77defaccae13","ts":"2025-10-29T22:41:11.666+07:00","eventName":"n8n.workflow.success","message":"n8n.workflow.success","payload":{"executionId":"78","success":true,"isManual":false,"workflowId":"HYSAT3TciEcoIppB","workflowName":"MailMind"}}
{"__type":"$$EventMessageConfirm","confirm":"f6887e97-d4e8-43ea-bc64-77defaccae13","ts":"2025-10-29T22:41:11.666+07:00","source":{"id":"0","name":"eventBus"}}
{"__type":"$$EventMessageRunner","id":"3c690376-1951-4c7a-b244-674d13304a98","ts":"2025-10-29T22:41:11.666+07:00","eventName":"n8n.queue.job.completed","message":"n8n.queue.job.completed","payload":{"executionId":"78","workflowId":"HYSAT3TciEcoIppB","hostId":"main-d91af26ddd37","jobId":"27"}}
{"__type":"$$EventMessageConfirm","confirm":"3c690376-1951-4c7a-b244-674d13304a98","ts":"2025-10-29T22:41:11.666+07:00","source":{"id":"0","name":"eventBus"}}
{"__type":"$$EventMessageRunner","id":"ee47c1e6-fd16-4a6e-b223-311e542795a6","ts":"2025-10-29T22:41:34.396+07:00","eventName":"n8n.queue.job.enqueued","message":"n8n.queue.job.enqueued","payload":{"executionId":"79","workflowId":"HYSAT3TciEcoIppB","hostId":"main-d91af26ddd37","jobId":"28"}}
{"__type":"$$EventMessageConfirm","confirm":"ee47c1e6-fd16-4a6e-b223-311e542795a6","ts":"2025-10-29T22:41:34.397+07:00","source":{"id":"0","name":"eventBus"}}
{"__type":"$$EventMessageWorkflow","id":"acd117d8-1c55-4bd6-b4ca-591e55b1aec9","ts":"2025-10-29T22:41:34.398+07:00","eventName":"n8n.workflow.started","message":"n8n.workflow.started","payload":{"executionId":"79","workflowId":"HYSAT3TciEcoIppB","isManual":false,"workflowName":"MailMind"}}
{"__type":"$$EventMessageConfirm","confirm":"acd117d8-1c55-4bd6-b4ca-591e55b1aec9","ts":"2025-10-29T22:41:34.398+07:00","source":{"id":"0","name":"eventBus"}}
{"__type":"$$EventMessageWorkflow","id":"f1a03b19-d546-4c6d-b434-dd4ed1b63225","ts":"2025-10-29T22:42:01.504+07:00","eventName":"n8n.workflow.success","message":"n8n.workflow.success","payload":{"executionId":"79","success":true,"isManual":false,"workflowId":"HYSAT3TciEcoIppB","workflowName":"MailMind"}}
{"__type":"$$EventMessageConfirm","confirm":"f1a03b19-d546-4c6d-b434-dd4ed1b63225","ts":"2025-10-29T22:42:01.504+07:00","source":{"id":"0","name":"eventBus"}}
{"__type":"$$EventMessageRunner","id":"ed8ed163-99f3-42db-9401-bb6729018b4e","ts":"2025-10-29T22:42:01.504+07:00","eventName":"n8n.queue.job.completed","message":"n8n.queue.job.completed","payload":{"executionId":"79","workflowId":"HYSAT3TciEcoIppB","hostId":"main-d91af26ddd37","jobId":"28"}}
{"__type":"$$EventMessageConfirm","confirm":"ed8ed163-99f3-42db-9401-bb6729018b4e","ts":"2025-10-29T22:42:01.504+07:00","source":{"id":"0","name":"eventBus"}}
