{"__type":"$$EventMessageAudit","id":"73516339-6ed4-4825-9d74-09ad42a6e211","ts":"2025-10-27T14:57:05.604+07:00","eventName":"n8n.audit.user.credentials.updated","message":"n8n.audit.user.credentials.updated","payload":{"userId":"c7bd1183-6dbb-44aa-84ca-8a4996833867","_email":"ploomn321654987@gmail.com","_firstName":"Yodsanon","_lastName":"Duangkhai","globalRole":"global:owner","credentialType":"postgres","credentialId":"hrPyhsYfzmHCQCI0"}}
{"__type":"$$EventMessageConfirm","confirm":"73516339-6ed4-4825-9d74-09ad42a6e211","ts":"2025-10-27T14:57:05.605+07:00","source":{"id":"0","name":"eventBus"}}
{"__type":"$$EventMessageAudit","id":"f8add5e8-405e-4184-a008-adcbc6a626b0","ts":"2025-10-27T15:09:29.335+07:00","eventName":"n8n.audit.user.credentials.updated","message":"n8n.audit.user.credentials.updated","payload":{"userId":"c7bd1183-6dbb-44aa-84ca-8a4996833867","_email":"ploomn321654987@gmail.com","_firstName":"Yodsanon","_lastName":"Duangkhai","globalRole":"global:owner","credentialType":"postgres","credentialId":"hrPyhsYfzmHCQCI0"}}
{"__type":"$$EventMessageConfirm","confirm":"f8add5e8-405e-4184-a008-adcbc6a626b0","ts":"2025-10-27T15:09:29.337+07:00","source":{"id":"0","name":"eventBus"}}
{"__type":"$$EventMessageWorkflow","id":"527a3c54-5538-4c8c-a5f4-df69022b322a","ts":"2025-10-27T16:04:18.556+07:00","eventName":"n8n.workflow.started","message":"n8n.workflow.started","payload":{"executionId":"29","workflowId":"HYSAT3TciEcoIppB","isManual":false,"workflowName":"MailMind"}}
{"__type":"$$EventMessageConfirm","confirm":"527a3c54-5538-4c8c-a5f4-df69022b322a","ts":"2025-10-27T16:04:18.562+07:00","source":{"id":"0","name":"eventBus"}}
{"__type":"$$EventMessageNode","id":"068d708d-2b3b-48c8-b7cb-bedb21e5448c","ts":"2025-10-27T16:04:18.571+07:00","eventName":"n8n.node.started","message":"n8n.node.started","payload":{"workflowId":"HYSAT3TciEcoIppB","workflowName":"MailMind","executionId":"29","nodeType":"n8n-nodes-base.gmailTrigger","nodeName":"Gmail Trigger","nodeId":"d2aaedbe-f71d-45ad-a716-be6fa1eb59ec"}}
{"__type":"$$EventMessageConfirm","confirm":"068d708d-2b3b-48c8-b7cb-bedb21e5448c","ts":"2025-10-27T16:04:18.571+07:00","source":{"id":"0","name":"eventBus"}}
{"__type":"$$EventMessageNode","id":"c9986ec8-d7db-47de-8eb7-a40128feed46","ts":"2025-10-27T16:04:23.714+07:00","eventName":"n8n.node.finished","message":"n8n.node.finished","payload":{"workflowId":"HYSAT3TciEcoIppB","workflowName":"MailMind","executionId":"29","nodeType":"n8n-nodes-base.gmailTrigger","nodeName":"Gmail Trigger","nodeId":"d2aaedbe-f71d-45ad-a716-be6fa1eb59ec"}}
{"__type":"$$EventMessageConfirm","confirm":"c9986ec8-d7db-47de-8eb7-a40128feed46","ts":"2025-10-27T16:04:23.715+07:00","source":{"id":"0","name":"eventBus"}}
{"__type":"$$EventMessageWorkflow","id":"a1e1705d-58f5-4e81-9b8b-6fbbdcb4e97b","ts":"2025-10-27T16:04:23.755+07:00","eventName":"n8n.workflow.success","message":"n8n.workflow.success","payload":{"userId":"c7bd1183-6dbb-44aa-84ca-8a4996833867","executionId":"29","success":true,"isManual":true,"workflowId":"HYSAT3TciEcoIppB","workflowName":"MailMind"}}
{"__type":"$$EventMessageConfirm","confirm":"a1e1705d-58f5-4e81-9b8b-6fbbdcb4e97b","ts":"2025-10-27T16:04:23.755+07:00","source":{"id":"0","name":"eventBus"}}
{"__type":"$$EventMessageAudit","id":"d07300c9-676d-458d-813b-cae0b11cfb69","ts":"2025-10-27T16:04:41.160+07:00","eventName":"n8n.audit.user.credentials.updated","message":"n8n.audit.user.credentials.updated","payload":{"userId":"c7bd1183-6dbb-44aa-84ca-8a4996833867","_email":"ploomn321654987@gmail.com","_firstName":"Yodsanon","_lastName":"Duangkhai","globalRole":"global:owner","credentialType":"gmailOAuth2","credentialId":"YEiUIAyzrgfyQXDO"}}
{"__type":"$$EventMessageConfirm","confirm":"d07300c9-676d-458d-813b-cae0b11cfb69","ts":"2025-10-27T16:04:41.160+07:00","source":{"id":"0","name":"eventBus"}}
{"__type":"$$EventMessageAudit","id":"d6e4f5ad-4d2b-4e63-8679-083444b5f1d7","ts":"2025-10-27T16:27:06.371+07:00","eventName":"n8n.audit.workflow.updated","message":"n8n.audit.workflow.updated","payload":{"userId":"c7bd1183-6dbb-44aa-84ca-8a4996833867","_email":"ploomn321654987@gmail.com","_firstName":"Yodsanon","_lastName":"Duangkhai","globalRole":"global:owner","workflowId":"HYSAT3TciEcoIppB","workflowName":"MailMind"}}
{"__type":"$$EventMessageConfirm","confirm":"d6e4f5ad-4d2b-4e63-8679-083444b5f1d7","ts":"2025-10-27T16:27:06.372+07:00","source":{"id":"0","name":"eventBus"}}
{"__type":"$$EventMessageAudit","id":"55d25c36-cf36-4d6c-aa18-1b255317c015","ts":"2025-10-27T16:58:58.256+07:00","eventName":"n8n.audit.user.api.created","message":"n8n.audit.user.api.created","payload":{"userId":"c7bd1183-6dbb-44aa-84ca-8a4996833867","_email":"ploomn321654987@gmail.com","_firstName":"Yodsanon","_lastName":"Duangkhai","globalRole":"global:owner"}}
{"__type":"$$EventMessageConfirm","confirm":"55d25c36-cf36-4d6c-aa18-1b255317c015","ts":"2025-10-27T16:58:58.257+07:00","source":{"id":"0","name":"eventBus"}}
{"__type":"$$EventMessageAudit","id":"3eccf97d-d14a-4d19-8d79-040baea96fa2","ts":"2025-10-27T17:03:18.411+07:00","eventName":"n8n.audit.workflow.updated","message":"n8n.audit.workflow.updated","payload":{"userId":"c7bd1183-6dbb-44aa-84ca-8a4996833867","_email":"ploomn321654987@gmail.com","_firstName":"Yodsanon","_lastName":"Duangkhai","globalRole":"global:owner","workflowId":"HYSAT3TciEcoIppB","workflowName":"MailMind"}}
{"__type":"$$EventMessageConfirm","confirm":"3eccf97d-d14a-4d19-8d79-040baea96fa2","ts":"2025-10-27T17:03:18.412+07:00","source":{"id":"0","name":"eventBus"}}
